<?xml version="1.0" encoding="UTF-8"?>
<testsuite xmlns:xsi="http://www.w3.org/2001/XMLSchema-instance" xsi:noNamespaceSchemaLocation="https://maven.apache.org/surefire/maven-surefire-plugin/xsd/surefire-test-report-3.0.xsd" version="3.0" name="TestSuite" time="18.753" tests="1" errors="0" skipped="0" failures="0">
  <properties>
    <property name="java.specification.version" value="21"/>
    <property name="sun.cpu.isalist" value="amd64"/>
    <property name="sun.jnu.encoding" value="Cp1252"/>
    <property name="java.class.path" value="F:\My Workspace\sirv-api-bdd\target\test-classes;F:\My Workspace\sirv-api-bdd\target\classes;C:\Users\DCKLP-125\.m2\repository\io\rest-assured\rest-assured\5.4.0\rest-assured-5.4.0.jar;C:\Users\DCKLP-125\.m2\repository\org\apache\groovy\groovy\4.0.16\groovy-4.0.16.jar;C:\Users\DCKLP-125\.m2\repository\org\apache\groovy\groovy-xml\4.0.16\groovy-xml-4.0.16.jar;C:\Users\DCKLP-125\.m2\repository\org\apache\httpcomponents\httpclient\4.5.13\httpclient-4.5.13.jar;C:\Users\DCKLP-125\.m2\repository\org\apache\httpcomponents\httpcore\4.4.13\httpcore-4.4.13.jar;C:\Users\DCKLP-125\.m2\repository\commons-logging\commons-logging\1.2\commons-logging-1.2.jar;C:\Users\DCKLP-125\.m2\repository\commons-codec\commons-codec\1.11\commons-codec-1.11.jar;C:\Users\DCKLP-125\.m2\repository\org\apache\httpcomponents\httpmime\4.5.13\httpmime-4.5.13.jar;C:\Users\DCKLP-125\.m2\repository\org\hamcrest\hamcrest\2.2\hamcrest-2.2.jar;C:\Users\DCKLP-125\.m2\repository\org\ccil\cowan\tagsoup\tagsoup\1.2.1\tagsoup-1.2.1.jar;C:\Users\DCKLP-125\.m2\repository\io\rest-assured\json-path\5.4.0\json-path-5.4.0.jar;C:\Users\DCKLP-125\.m2\repository\org\apache\groovy\groovy-json\4.0.16\groovy-json-4.0.16.jar;C:\Users\DCKLP-125\.m2\repository\io\rest-assured\rest-assured-common\5.4.0\rest-assured-common-5.4.0.jar;C:\Users\DCKLP-125\.m2\repository\io\rest-assured\xml-path\5.4.0\xml-path-5.4.0.jar;C:\Users\DCKLP-125\.m2\repository\org\apache\commons\commons-lang3\3.11\commons-lang3-3.11.jar;C:\Users\DCKLP-125\.m2\repository\io\cucumber\cucumber-java\7.17.0\cucumber-java-7.17.0.jar;C:\Users\DCKLP-125\.m2\repository\io\cucumber\cucumber-core\7.17.0\cucumber-core-7.17.0.jar;C:\Users\DCKLP-125\.m2\repository\io\cucumber\cucumber-gherkin\7.17.0\cucumber-gherkin-7.17.0.jar;C:\Users\DCKLP-125\.m2\repository\io\cucumber\cucumber-gherkin-messages\7.17.0\cucumber-gherkin-messages-7.17.0.jar;C:\Users\DCKLP-125\.m2\repository\io\cucumber\gherkin\28.0.0\gherkin-28.0.0.jar;C:\Users\DCKLP-125\.m2\repository\io\cucumber\messages\24.1.0\messages-24.1.0.jar;C:\Users\DCKLP-125\.m2\repository\io\cucumber\testng-xml-formatter\0.1.0\testng-xml-formatter-0.1.0.jar;C:\Users\DCKLP-125\.m2\repository\io\cucumber\query\12.2.0\query-12.2.0.jar;C:\Users\DCKLP-125\.m2\repository\io\cucumber\tag-expressions\6.1.0\tag-expressions-6.1.0.jar;C:\Users\DCKLP-125\.m2\repository\io\cucumber\cucumber-expressions\17.1.0\cucumber-expressions-17.1.0.jar;C:\Users\DCKLP-125\.m2\repository\io\cucumber\datatable\7.17.0\datatable-7.17.0.jar;C:\Users\DCKLP-125\.m2\repository\io\cucumber\cucumber-plugin\7.17.0\cucumber-plugin-7.17.0.jar;C:\Users\DCKLP-125\.m2\repository\io\cucumber\docstring\7.17.0\docstring-7.17.0.jar;C:\Users\DCKLP-125\.m2\repository\io\cucumber\html-formatter\21.3.1\html-formatter-21.3.1.jar;C:\Users\DCKLP-125\.m2\repository\io\cucumber\junit-xml-formatter\0.4.0\junit-xml-formatter-0.4.0.jar;C:\Users\DCKLP-125\.m2\repository\io\cucumber\ci-environment\10.0.1\ci-environment-10.0.1.jar;C:\Users\DCKLP-125\.m2\repository\org\apiguardian\apiguardian-api\1.1.2\apiguardian-api-1.1.2.jar;C:\Users\DCKLP-125\.m2\repository\io\cucumber\cucumber-junit\7.17.0\cucumber-junit-7.17.0.jar;C:\Users\DCKLP-125\.m2\repository\io\cucumber\cucumber-testng\7.17.0\cucumber-testng-7.17.0.jar;C:\Users\DCKLP-125\.m2\repository\junit\junit\4.13.2\junit-4.13.2.jar;C:\Users\DCKLP-125\.m2\repository\org\hamcrest\hamcrest-core\1.3\hamcrest-core-1.3.jar;C:\Users\DCKLP-125\.m2\repository\org\testng\testng\7.10.2\testng-7.10.2.jar;C:\Users\DCKLP-125\.m2\repository\org\slf4j\slf4j-api\1.7.36\slf4j-api-1.7.36.jar;C:\Users\DCKLP-125\.m2\repository\com\beust\jcommander\1.82\jcommander-1.82.jar;C:\Users\DCKLP-125\.m2\repository\org\webjars\jquery\3.7.1\jquery-3.7.1.jar;C:\Users\DCKLP-125\.m2\repository\com\fasterxml\jackson\core\jackson-databind\2.17.2\jackson-databind-2.17.2.jar;C:\Users\DCKLP-125\.m2\repository\com\fasterxml\jackson\core\jackson-annotations\2.17.2\jackson-annotations-2.17.2.jar;C:\Users\DCKLP-125\.m2\repository\com\fasterxml\jackson\core\jackson-core\2.17.2\jackson-core-2.17.2.jar;"/>
    <property name="java.vm.vendor" value="Eclipse Adoptium"/>
    <property name="sun.arch.data.model" value="64"/>
    <property name="user.variant" value=""/>
    <property name="java.vendor.url" value="https://adoptium.net/"/>
    <property name="user.timezone" value="Asia/Calcutta"/>
    <property name="os.name" value="Windows 11"/>
    <property name="java.vm.specification.version" value="21"/>
    <property name="sun.java.launcher" value="SUN_STANDARD"/>
    <property name="user.country" value="US"/>
    <property name="sun.boot.library.path" value="C:\Program Files\Eclipse Adoptium\jdk-21.0.8.9-hotspot\bin"/>
    <property name="sun.java.command" value="C:\Users\DCKLP-125\AppData\Local\Temp\surefire10964491758362254426\surefirebooter-20250901085055788_3.jar C:\Users\DCKLP-125\AppData\Local\Temp\surefire10964491758362254426 2025-09-01T08-50-55_626-jvmRun1 surefire-20250901085055788_1tmp surefire_0-20250901085055788_2tmp"/>
    <property name="jdk.debug" value="release"/>
    <property name="surefire.test.class.path" value="F:\My Workspace\sirv-api-bdd\target\test-classes;F:\My Workspace\sirv-api-bdd\target\classes;C:\Users\DCKLP-125\.m2\repository\io\rest-assured\rest-assured\5.4.0\rest-assured-5.4.0.jar;C:\Users\DCKLP-125\.m2\repository\org\apache\groovy\groovy\4.0.16\groovy-4.0.16.jar;C:\Users\DCKLP-125\.m2\repository\org\apache\groovy\groovy-xml\4.0.16\groovy-xml-4.0.16.jar;C:\Users\DCKLP-125\.m2\repository\org\apache\httpcomponents\httpclient\4.5.13\httpclient-4.5.13.jar;C:\Users\DCKLP-125\.m2\repository\org\apache\httpcomponents\httpcore\4.4.13\httpcore-4.4.13.jar;C:\Users\DCKLP-125\.m2\repository\commons-logging\commons-logging\1.2\commons-logging-1.2.jar;C:\Users\DCKLP-125\.m2\repository\commons-codec\commons-codec\1.11\commons-codec-1.11.jar;C:\Users\DCKLP-125\.m2\repository\org\apache\httpcomponents\httpmime\4.5.13\httpmime-4.5.13.jar;C:\Users\DCKLP-125\.m2\repository\org\hamcrest\hamcrest\2.2\hamcrest-2.2.jar;C:\Users\DCKLP-125\.m2\repository\org\ccil\cowan\tagsoup\tagsoup\1.2.1\tagsoup-1.2.1.jar;C:\Users\DCKLP-125\.m2\repository\io\rest-assured\json-path\5.4.0\json-path-5.4.0.jar;C:\Users\DCKLP-125\.m2\repository\org\apache\groovy\groovy-json\4.0.16\groovy-json-4.0.16.jar;C:\Users\DCKLP-125\.m2\repository\io\rest-assured\rest-assured-common\5.4.0\rest-assured-common-5.4.0.jar;C:\Users\DCKLP-125\.m2\repository\io\rest-assured\xml-path\5.4.0\xml-path-5.4.0.jar;C:\Users\DCKLP-125\.m2\repository\org\apache\commons\commons-lang3\3.11\commons-lang3-3.11.jar;C:\Users\DCKLP-125\.m2\repository\io\cucumber\cucumber-java\7.17.0\cucumber-java-7.17.0.jar;C:\Users\DCKLP-125\.m2\repository\io\cucumber\cucumber-core\7.17.0\cucumber-core-7.17.0.jar;C:\Users\DCKLP-125\.m2\repository\io\cucumber\cucumber-gherkin\7.17.0\cucumber-gherkin-7.17.0.jar;C:\Users\DCKLP-125\.m2\repository\io\cucumber\cucumber-gherkin-messages\7.17.0\cucumber-gherkin-messages-7.17.0.jar;C:\Users\DCKLP-125\.m2\repository\io\cucumber\gherkin\28.0.0\gherkin-28.0.0.jar;C:\Users\DCKLP-125\.m2\repository\io\cucumber\messages\24.1.0\messages-24.1.0.jar;C:\Users\DCKLP-125\.m2\repository\io\cucumber\testng-xml-formatter\0.1.0\testng-xml-formatter-0.1.0.jar;C:\Users\DCKLP-125\.m2\repository\io\cucumber\query\12.2.0\query-12.2.0.jar;C:\Users\DCKLP-125\.m2\repository\io\cucumber\tag-expressions\6.1.0\tag-expressions-6.1.0.jar;C:\Users\DCKLP-125\.m2\repository\io\cucumber\cucumber-expressions\17.1.0\cucumber-expressions-17.1.0.jar;C:\Users\DCKLP-125\.m2\repository\io\cucumber\datatable\7.17.0\datatable-7.17.0.jar;C:\Users\DCKLP-125\.m2\repository\io\cucumber\cucumber-plugin\7.17.0\cucumber-plugin-7.17.0.jar;C:\Users\DCKLP-125\.m2\repository\io\cucumber\docstring\7.17.0\docstring-7.17.0.jar;C:\Users\DCKLP-125\.m2\repository\io\cucumber\html-formatter\21.3.1\html-formatter-21.3.1.jar;C:\Users\DCKLP-125\.m2\repository\io\cucumber\junit-xml-formatter\0.4.0\junit-xml-formatter-0.4.0.jar;C:\Users\DCKLP-125\.m2\repository\io\cucumber\ci-environment\10.0.1\ci-environment-10.0.1.jar;C:\Users\DCKLP-125\.m2\repository\org\apiguardian\apiguardian-api\1.1.2\apiguardian-api-1.1.2.jar;C:\Users\DCKLP-125\.m2\repository\io\cucumber\cucumber-junit\7.17.0\cucumber-junit-7.17.0.jar;C:\Users\DCKLP-125\.m2\repository\io\cucumber\cucumber-testng\7.17.0\cucumber-testng-7.17.0.jar;C:\Users\DCKLP-125\.m2\repository\junit\junit\4.13.2\junit-4.13.2.jar;C:\Users\DCKLP-125\.m2\repository\org\hamcrest\hamcrest-core\1.3\hamcrest-core-1.3.jar;C:\Users\DCKLP-125\.m2\repository\org\testng\testng\7.10.2\testng-7.10.2.jar;C:\Users\DCKLP-125\.m2\repository\org\slf4j\slf4j-api\1.7.36\slf4j-api-1.7.36.jar;C:\Users\DCKLP-125\.m2\repository\com\beust\jcommander\1.82\jcommander-1.82.jar;C:\Users\DCKLP-125\.m2\repository\org\webjars\jquery\3.7.1\jquery-3.7.1.jar;C:\Users\DCKLP-125\.m2\repository\com\fasterxml\jackson\core\jackson-databind\2.17.2\jackson-databind-2.17.2.jar;C:\Users\DCKLP-125\.m2\repository\com\fasterxml\jackson\core\jackson-annotations\2.17.2\jackson-annotations-2.17.2.jar;C:\Users\DCKLP-125\.m2\repository\com\fasterxml\jackson\core\jackson-core\2.17.2\jackson-core-2.17.2.jar;"/>
    <property name="sun.cpu.endian" value="little"/>
    <property name="user.home" value="C:\Users\DCKLP-125"/>
    <property name="user.language" value="en"/>
    <property name="java.specification.vendor" value="Oracle Corporation"/>
    <property name="java.version.date" value="2025-07-15"/>
    <property name="java.home" value="C:\Program Files\Eclipse Adoptium\jdk-21.0.8.9-hotspot"/>
    <property name="file.separator" value="\"/>
    <property name="basedir" value="F:\My Workspace\sirv-api-bdd"/>
    <property name="java.vm.compressedOopsMode" value="Zero based"/>
    <property name="line.separator" value="&#10;"/>
    <property name="java.vm.specification.vendor" value="Oracle Corporation"/>
    <property name="java.specification.name" value="Java Platform API Specification"/>
    <property name="surefire.real.class.path" value="C:\Users\DCKLP-125\AppData\Local\Temp\surefire10964491758362254426\surefirebooter-20250901085055788_3.jar"/>
    <property name="user.script" value=""/>
    <property name="sun.management.compiler" value="HotSpot 64-Bit Tiered Compilers"/>
    <property name="java.runtime.version" value="21.0.8+9-LTS"/>
    <property name="user.name" value="DCKLP-125"/>
    <property name="stdout.encoding" value="Cp1252"/>
    <property name="path.separator" value=";"/>
    <property name="os.version" value="10.0"/>
    <property name="java.runtime.name" value="OpenJDK Runtime Environment"/>
    <property name="file.encoding" value="UTF-8"/>
    <property name="java.vm.name" value="OpenJDK 64-Bit Server VM"/>
    <property name="java.vendor.version" value="Temurin-21.0.8+9"/>
    <property name="localRepository" value="C:\Users\DCKLP-125\.m2\repository"/>
    <property name="java.vendor.url.bug" value="https://github.com/adoptium/adoptium-support/issues"/>
    <property name="java.io.tmpdir" value="C:\Users\DCKLP-~1\AppData\Local\Temp\"/>
    <property name="java.version" value="21.0.8"/>
    <property name="user.dir" value="F:\My Workspace\sirv-api-bdd"/>
    <property name="os.arch" value="amd64"/>
    <property name="java.vm.specification.name" value="Java Virtual Machine Specification"/>
    <property name="sun.os.patch.level" value=""/>
    <property name="native.encoding" value="Cp1252"/>
    <property name="java.library.path" value="C:\Program Files\Eclipse Adoptium\jdk-21.0.8.9-hotspot\bin;C:\WINDOWS\Sun\Java\bin;C:\WINDOWS\system32;C:\WINDOWS;C:/Users/DCKLP-125/.p2/pool/plugins/org.eclipse.justj.openjdk.hotspot.jre.full.win32.x86_64_21.0.8.v20250724-1412/jre/bin/server;C:/Users/DCKLP-125/.p2/pool/plugins/org.eclipse.justj.openjdk.hotspot.jre.full.win32.x86_64_21.0.8.v20250724-1412/jre/bin;C:\Program Files\Eclipse Adoptium\jdk-21.0.8.9-hotspot\bin;C:\Program Files\Eclipse Adoptium\jdk-17\bin;C:\Program Files\Common Files\Oracle\Java\javapath;C:\Program Files (x86)\Common Files\Oracle\Java\java8path;C:\Program Files (x86)\Common Files\Oracle\Java\javapath;C:\Program Files\Eclipse Adoptium\jdk-17\bin;C:\WINDOWS\system32;C:\WINDOWS;C:\WINDOWS\System32\Wbem;C:\WINDOWS\System32\WindowsPowerShell\v1.0\;C:\WINDOWS\System32\OpenSSH\;C:\Program Files\nodejs\;C:\Program Files\nodejs;C:\Users\Administrator\AppData\Local\Microsoft\WindowsApps;C:\Program Files\Common Files\sqlite-tools-win-x64-3500200;C:\apache-maven-3.9.11\bin;C:\Program Files\Java\jdk-24;C:\Users\DCKLP-125\AppData\Local\Programs\Git\cmd;C:\Users\DCKLP-125\AppData\Local\Programs\Git;C:\Users\DCKLP-125\AppData\Local\Programs\Python\Python313\Scripts\;C:\Users\DCKLP-125\AppData\Local\Programs\Python\Python313\;C:\Users\DCKLP-125\AppData\Local\Programs\Python\Launcher\;C:\Users\DCKLP-125\AppData\Local\Microsoft\WindowsApps;C:\Users\DCKLP-125\AppData\Local\Programs\Microsoft VS Code\bin;C:\Users\DCKLP-125\AppData\Roaming\npm;C:\Users\DCKLP-125\AppData\Local\Programs\Git\cmd;C:\WINDOWS\System32;;."/>
    <property name="java.vm.info" value="mixed mode, sharing"/>
    <property name="stderr.encoding" value="Cp1252"/>
    <property name="java.vendor" value="Eclipse Adoptium"/>
    <property name="java.vm.version" value="21.0.8+9-LTS"/>
    <property name="sun.io.unicode.encoding" value="UnicodeLittle"/>
    <property name="java.class.version" value="65.0"/>
  </properties>
  <testcase name="runScenario[&quot;Upload, verify via stat, and delete&quot;, &quot;Upload a file to Sirv and clean up&quot;](1)" classname="runner.TestRunner" time="17.651">
    <system-out><![CDATA[
Scenario: Upload, verify via stat, and delete              &amp#27;[90m# src/test/resources/features/sirv_upload.feature:3&amp#27;[0m
  &amp#27;[32mGiven &amp#27;[0m&amp#27;[32mI have a valid Sirv bearer token&amp#27;[0m                   &amp#27;[90m# steps.SirvSteps.i_have_a_valid_token()&amp#27;[0m
  &amp#27;[32mWhen &amp#27;[0m&amp#27;[32mI upload the local file to the configured Sirv path&amp#27;[0m &amp#27;[90m# steps.SirvSteps.i_upload_the_file()&amp#27;[0m
  &amp#27;[32mThen &amp#27;[0m&amp#27;[32mthe file should exist on Sirv with a positive size&amp#27;[0m  &amp#27;[90m# steps.SirvSteps.the_file_should_exist()&amp#27;[0m
  &amp#27;[32mAnd &amp#27;[0m&amp#27;[32mI delete the file from Sirv&amp#27;[0m                          &amp#27;[90m# steps.SirvSteps.i_delete_the_file()&amp#27;[0m
]]></system-out>
    <system-err><![CDATA[SLF4J: Failed to load class "org.slf4j.impl.StaticLoggerBinder".
SLF4J: Defaulting to no-operation (NOP) logger implementation
SLF4J: See http://www.slf4j.org/codes.html#StaticLoggerBinder for further details.
]]></system-err>
  </testcase>
</testsuite>