<?xml version="1.0" encoding="UTF-8"?>
<!-- Generated by org.testng.reporters.JUnitReportReporter -->
<testsuite hostname="DC-KA-QA-RL-256" failures="0" tests="1" name="runner.TestRunner" time="10.280" errors="0" timestamp="2025-09-01T13:13:58 IST" skipped="0">
  <testcase classname="runner.TestRunner" name="runScenario" time="10.280"/>
</testsuite> <!-- runner.TestRunner -->
