<?xml version="1.0" encoding="UTF-8"?>
<!-- Generated by org.testng.reporters.JUnitReportReporter -->
<testsuite hostname="DC-KA-QA-RL-256" failures="0" tests="1" name="runner.TestRunner" time="7.795" errors="0" timestamp="2025-08-31T21:10:13 IST" skipped="0">
  <testcase classname="runner.TestRunner" name="runScenario" time="7.795"/>
</testsuite> <!-- runner.TestRunner -->
