<?xml version="1.0" encoding="UTF-8"?>
<!-- Generated by org.testng.reporters.JUnitReportReporter -->
<testsuite hostname="DC-KA-QA-RL-256" failures="0" tests="1" name="runner.TestRunner" time="17.651" errors="0" timestamp="2025-09-01T08:51:17 IST" skipped="0">
  <testcase classname="runner.TestRunner" name="runScenario" time="17.651"/>
</testsuite> <!-- runner.TestRunner -->
